Determining if the pthread_create exist failed with the following output:
Change Dir: /home/rantd/dqn/build/CMakeFiles/CMakeTmp

Run Build Command:/usr/bin/make "cmTryCompileExec18257329/fast"
/usr/bin/make -f CMakeFiles/cmTryCompileExec18257329.dir/build.make CMakeFiles/cmTryCompileExec18257329.dir/build
make[1]: Entering directory `/home/rantd/dqn/build/CMakeFiles/CMakeTmp'
/usr/bin/cmake -E cmake_progress_report /home/rantd/dqn/build/CMakeFiles/CMakeTmp/CMakeFiles 1
Building C object CMakeFiles/cmTryCompileExec18257329.dir/CheckSymbolExists.c.o
/usr/bin/cc    -o CMakeFiles/cmTryCompileExec18257329.dir/CheckSymbolExists.c.o   -c /home/rantd/dqn/build/CMakeFiles/CMakeTmp/CheckSymbolExists.c
Linking C executable cmTryCompileExec18257329
/usr/bin/cmake -E cmake_link_script CMakeFiles/cmTryCompileExec18257329.dir/link.txt --verbose=1
/usr/bin/cc       CMakeFiles/cmTryCompileExec18257329.dir/CheckSymbolExists.c.o  -o cmTryCompileExec18257329 -rdynamic 
CMakeFiles/cmTryCompileExec18257329.dir/CheckSymbolExists.c.o: In function `main':
CheckSymbolExists.c:(.text+0x16): undefined reference to `pthread_create'
collect2: error: ld returned 1 exit status
make[1]: *** [cmTryCompileExec18257329] Error 1
make[1]: Leaving directory `/home/rantd/dqn/build/CMakeFiles/CMakeTmp'
make: *** [cmTryCompileExec18257329/fast] Error 2

File /home/rantd/dqn/build/CMakeFiles/CMakeTmp/CheckSymbolExists.c:
/* */
#include <pthread.h>

int main(int argc, char** argv)
{
  (void)argv;
#ifndef pthread_create
  return ((int*)(&pthread_create))[argc];
#else
  (void)argc;
  return 0;
#endif
}

Determining if the function pthread_create exists in the pthreads failed with the following output:
Change Dir: /home/rantd/dqn/build/CMakeFiles/CMakeTmp

Run Build Command:/usr/bin/make "cmTryCompileExec789252593/fast"
/usr/bin/make -f CMakeFiles/cmTryCompileExec789252593.dir/build.make CMakeFiles/cmTryCompileExec789252593.dir/build
make[1]: Entering directory `/home/rantd/dqn/build/CMakeFiles/CMakeTmp'
/usr/bin/cmake -E cmake_progress_report /home/rantd/dqn/build/CMakeFiles/CMakeTmp/CMakeFiles 1
Building C object CMakeFiles/cmTryCompileExec789252593.dir/CheckFunctionExists.c.o
/usr/bin/cc   -DCHECK_FUNCTION_EXISTS=pthread_create   -o CMakeFiles/cmTryCompileExec789252593.dir/CheckFunctionExists.c.o   -c /usr/share/cmake-2.8/Modules/CheckFunctionExists.c
Linking C executable cmTryCompileExec789252593
/usr/bin/cmake -E cmake_link_script CMakeFiles/cmTryCompileExec789252593.dir/link.txt --verbose=1
/usr/bin/cc   -DCHECK_FUNCTION_EXISTS=pthread_create    CMakeFiles/cmTryCompileExec789252593.dir/CheckFunctionExists.c.o  -o cmTryCompileExec789252593 -rdynamic -lpthreads 
/usr/bin/ld: cannot find -lpthreads
collect2: error: ld returned 1 exit status
make[1]: *** [cmTryCompileExec789252593] Error 1
make[1]: Leaving directory `/home/rantd/dqn/build/CMakeFiles/CMakeTmp'
make: *** [cmTryCompileExec789252593/fast] Error 2


